<?xml version="1.0"?>
<component name="org.nuxeo.ecm.platform.importer.service.test.contrib">

    <extension target="BrokerComponent" point="brokerConfiguration">
        <brokerConfig

        />
    </extension>
</component>